<?xml version="1.0" encoding="UTF-8"?>
<!-- Generated by org.testng.reporters.JUnitXMLReporter -->
<testsuite ignored="0" hostname="THarunREddy" failures="0" tests="3" name="OrdersTest" time="97.694" errors="0" timestamp="2025-01-01T17:26:16 IST">
  <testcase classname="AutomationPractice.MainTests.OrdersTest" name="SubmitOrder" time="33.412"/>
  <testcase classname="AutomationPractice.MainTests.OrdersTest" name="SubmitOrder" time="14.749"/>
  <testcase classname="AutomationPractice.MainTests.OrdersTest" name="loginLogoutMsgs" time="19.392"/>
</testsuite> <!-- OrdersTest -->
