<?xml version="1.0" encoding="UTF-8"?>
<testng-results ignored="0" total="3" passed="3" failed="0" skipped="0">
  <reporter-output>
  </reporter-output>
  <suite started-at="2025-01-01T21:16:59 IST" name="Surefire suite" finished-at="2025-01-01T21:17:36 IST" duration-ms="36948">
    <groups>
      <group name="cucumber">
        <method signature="AbstractTestNGCucumberTests.runScenario(io.cucumber.testng.PickleWrapper,io.cucumber.testng.FeatureWrapper)[pri:0, instance:cucumber.TestNGTestRunner@1817d444]" name="runScenario" class="io.cucumber.testng.AbstractTestNGCucumberTests"/>
      </group> <!-- cucumber -->
    </groups>
    <test started-at="2025-01-01T21:16:59 IST" name="Surefire test" finished-at="2025-01-01T21:17:36 IST" duration-ms="36948">
      <class name="cucumber.TestNGTestRunner">
        <test-method is-config="true" signature="setUpClass(org.testng.ITestContext)[pri:0, instance:cucumber.TestNGTestRunner@1817d444]" started-at="2025-01-01T21:16:59 IST" name="setUpClass" finished-at="2025-01-01T21:17:00 IST" duration-ms="768" status="PASS">
          <params>
            <param index="0">
              <value>
                <![CDATA[org.testng.TestRunner@44be69aa]]>
              </value>
            </param>
          </params>
          <reporter-output>
          </reporter-output>
        </test-method> <!-- setUpClass -->
        <test-method signature="runScenario(io.cucumber.testng.PickleWrapper,io.cucumber.testng.FeatureWrapper)[pri:0, instance:cucumber.TestNGTestRunner@1817d444]" started-at="2025-01-01T21:17:00 IST" name="runScenario" description="Runs Cucumber Scenarios" data-provider="scenarios" finished-at="2025-01-01T21:17:09 IST" duration-ms="9536" status="PASS">
          <params>
            <param index="0">
              <value>
                <![CDATA["Error Validation of Login Page"]]>
              </value>
            </param>
            <param index="1">
              <value>
                <![CDATA["Place the Order in Ecommerce Application"]]>
              </value>
            </param>
          </params>
          <reporter-output>
          </reporter-output>
        </test-method> <!-- runScenario -->
        <test-method signature="runScenario(io.cucumber.testng.PickleWrapper,io.cucumber.testng.FeatureWrapper)[pri:0, instance:cucumber.TestNGTestRunner@1817d444]" started-at="2025-01-01T21:17:09 IST" name="runScenario" description="Runs Cucumber Scenarios" data-provider="scenarios" finished-at="2025-01-01T21:17:23 IST" duration-ms="13854" status="PASS">
          <params>
            <param index="0">
              <value>
                <![CDATA["Functional Testing of Placing an Order"]]>
              </value>
            </param>
            <param index="1">
              <value>
                <![CDATA["Place the Order in Ecommerce Application"]]>
              </value>
            </param>
          </params>
          <reporter-output>
          </reporter-output>
        </test-method> <!-- runScenario -->
        <test-method signature="runScenario(io.cucumber.testng.PickleWrapper,io.cucumber.testng.FeatureWrapper)[pri:0, instance:cucumber.TestNGTestRunner@1817d444]" started-at="2025-01-01T21:17:23 IST" name="runScenario" description="Runs Cucumber Scenarios" data-provider="scenarios" finished-at="2025-01-01T21:17:36 IST" duration-ms="12659" status="PASS">
          <params>
            <param index="0">
              <value>
                <![CDATA["Functional Testing of Placing an Order"]]>
              </value>
            </param>
            <param index="1">
              <value>
                <![CDATA["Place the Order in Ecommerce Application"]]>
              </value>
            </param>
          </params>
          <reporter-output>
          </reporter-output>
        </test-method> <!-- runScenario -->
        <test-method is-config="true" signature="tearDownClass()[pri:0, instance:cucumber.TestNGTestRunner@1817d444]" started-at="2025-01-01T21:17:36 IST" name="tearDownClass" finished-at="2025-01-01T21:17:36 IST" duration-ms="36" status="PASS">
          <reporter-output>
          </reporter-output>
        </test-method> <!-- tearDownClass -->
      </class> <!-- cucumber.TestNGTestRunner -->
    </test> <!-- Surefire test -->
  </suite> <!-- Surefire suite -->
</testng-results>
