<?xml version="1.0" encoding="UTF-8"?>
<testng-results ignored="0" total="3" passed="2" failed="1" skipped="0">
  <reporter-output>
  </reporter-output>
  <suite started-at="2025-01-05T10:48:46 IST" name="Default suite" finished-at="2025-01-05T10:49:22 IST" duration-ms="35397">
    <groups>
      <group name="PlaceOrder">
        <method signature="OrdersTest.SubmitOrder(java.util.HashMap)[pri:0, instance:AutomationPractice.MainTests.OrdersTest@f5958c9]" name="SubmitOrder" class="AutomationPractice.MainTests.OrdersTest"/>
      </group> <!-- PlaceOrder -->
    </groups>
    <test started-at="2025-01-05T10:48:46 IST" name="Default test" finished-at="2025-01-05T10:49:22 IST" duration-ms="35397">
      <class name="AutomationPractice.MainTests.OrdersTest">
        <test-method is-config="true" signature="launchingPage()[pri:0, instance:AutomationPractice.MainTests.OrdersTest@f5958c9]" started-at="2025-01-05T10:48:46 IST" name="launchingPage" finished-at="2025-01-05T10:48:56 IST" duration-ms="9920" status="PASS">
          <reporter-output>
          </reporter-output>
        </test-method> <!-- launchingPage -->
        <test-method signature="SubmitOrder(java.util.HashMap)[pri:0, instance:AutomationPractice.MainTests.OrdersTest@f5958c9]" started-at="2025-01-05T10:48:56 IST" name="SubmitOrder" data-provider="getData" finished-at="2025-01-05T10:49:02 IST" duration-ms="5936" status="PASS">
          <params>
            <param index="0">
              <value>
                <![CDATA[{ProductToAdd=ADIDAS ORIGINAL, Email=djaya0110@gmail.com, Password=Dj@12345}]]>
              </value>
            </param>
          </params>
          <reporter-output>
          </reporter-output>
        </test-method> <!-- SubmitOrder -->
        <test-method is-config="true" signature="closeBrowser()[pri:0, instance:AutomationPractice.MainTests.OrdersTest@f5958c9]" started-at="2025-01-05T10:49:02 IST" name="closeBrowser" finished-at="2025-01-05T10:49:03 IST" duration-ms="210" status="PASS">
          <reporter-output>
          </reporter-output>
        </test-method> <!-- closeBrowser -->
        <test-method is-config="true" signature="launchingPage()[pri:0, instance:AutomationPractice.MainTests.OrdersTest@f5958c9]" started-at="2025-01-05T10:49:03 IST" name="launchingPage" finished-at="2025-01-05T10:49:07 IST" duration-ms="4548" status="PASS">
          <reporter-output>
          </reporter-output>
        </test-method> <!-- launchingPage -->
        <test-method signature="SubmitOrder(java.util.HashMap)[pri:0, instance:AutomationPractice.MainTests.OrdersTest@f5958c9]" started-at="2025-01-05T10:49:07 IST" name="SubmitOrder" data-provider="getData" finished-at="2025-01-05T10:49:13 IST" duration-ms="5860" status="PASS">
          <params>
            <param index="0">
              <value>
                <![CDATA[{ProductToAdd=QWERTY, Email=shetty@gmail.com, Password=Iamking@000}]]>
              </value>
            </param>
          </params>
          <reporter-output>
          </reporter-output>
        </test-method> <!-- SubmitOrder -->
        <test-method is-config="true" signature="closeBrowser()[pri:0, instance:AutomationPractice.MainTests.OrdersTest@f5958c9]" started-at="2025-01-05T10:49:13 IST" name="closeBrowser" finished-at="2025-01-05T10:49:13 IST" duration-ms="178" status="PASS">
          <reporter-output>
          </reporter-output>
        </test-method> <!-- closeBrowser -->
        <test-method is-config="true" signature="launchingPage()[pri:0, instance:AutomationPractice.MainTests.OrdersTest@f5958c9]" started-at="2025-01-05T10:49:13 IST" name="launchingPage" finished-at="2025-01-05T10:49:19 IST" duration-ms="5613" status="PASS">
          <reporter-output>
          </reporter-output>
        </test-method> <!-- launchingPage -->
        <test-method signature="loginLogoutMsgs()[pri:0, instance:AutomationPractice.MainTests.OrdersTest@f5958c9]" started-at="2025-01-05T10:49:19 IST" name="loginLogoutMsgs" finished-at="2025-01-05T10:49:21 IST" duration-ms="2709" status="FAIL">
          <exception class="org.openqa.selenium.NoSuchWindowException">
            <message>
              <![CDATA[no such window: target window already closed
from unknown error: web view not found
  (Session info: chrome=131.0.6778.205)
Build info: version: '4.27.0', revision: 'd6e718d134'
System info: os.name: 'Windows 11', os.arch: 'amd64', os.version: '10.0', java.version: '17.0.5'
Driver info: org.openqa.selenium.chrome.ChromeDriver
Command: [f647ca00812de3dbb5aceb41ff449695, findElement {using=id, value=userEmail}]
Capabilities {acceptInsecureCerts: false, browserName: chrome, browserVersion: 131.0.6778.205, chrome: {chromedriverVersion: 131.0.6778.204 (52183f9e99a..., userDataDir: C:\Users\reddy\AppData\Loca...}, fedcm:accounts: true, goog:chromeOptions: {debuggerAddress: localhost:52488}, networkConnectionEnabled: false, pageLoadStrategy: normal, platformName: windows, proxy: Proxy(), se:cdp: ws://localhost:52488/devtoo..., se:cdpVersion: 131.0.6778.205, setWindowRect: true, strictFileInteractability: false, timeouts: {implicit: 0, pageLoad: 300000, script: 30000}, unhandledPromptBehavior: dismiss and notify, webauthn:extension:credBlob: true, webauthn:extension:largeBlob: true, webauthn:extension:minPinLength: true, webauthn:extension:prf: true, webauthn:virtualAuthenticators: true}
Session ID: f647ca00812de3dbb5aceb41ff449695]]>
            </message>
            <full-stacktrace>
              <![CDATA[org.openqa.selenium.NoSuchWindowException: no such window: target window already closed
from unknown error: web view not found
  (Session info: chrome=131.0.6778.205)
Build info: version: '4.27.0', revision: 'd6e718d134'
System info: os.name: 'Windows 11', os.arch: 'amd64', os.version: '10.0', java.version: '17.0.5'
Driver info: org.openqa.selenium.chrome.ChromeDriver
Command: [f647ca00812de3dbb5aceb41ff449695, findElement {using=id, value=userEmail}]
Capabilities {acceptInsecureCerts: false, browserName: chrome, browserVersion: 131.0.6778.205, chrome: {chromedriverVersion: 131.0.6778.204 (52183f9e99a..., userDataDir: C:\Users\reddy\AppData\Loca...}, fedcm:accounts: true, goog:chromeOptions: {debuggerAddress: localhost:52488}, networkConnectionEnabled: false, pageLoadStrategy: normal, platformName: windows, proxy: Proxy(), se:cdp: ws://localhost:52488/devtoo..., se:cdpVersion: 131.0.6778.205, setWindowRect: true, strictFileInteractability: false, timeouts: {implicit: 0, pageLoad: 300000, script: 30000}, unhandledPromptBehavior: dismiss and notify, webauthn:extension:credBlob: true, webauthn:extension:largeBlob: true, webauthn:extension:minPinLength: true, webauthn:extension:prf: true, webauthn:virtualAuthenticators: true}
Session ID: f647ca00812de3dbb5aceb41ff449695
at java.base/jdk.internal.reflect.NativeConstructorAccessorImpl.newInstance0(Native Method)
at java.base/jdk.internal.reflect.NativeConstructorAccessorImpl.newInstance(NativeConstructorAccessorImpl.java:77)
at java.base/jdk.internal.reflect.DelegatingConstructorAccessorImpl.newInstance(DelegatingConstructorAccessorImpl.java:45)
at java.base/java.lang.reflect.Constructor.newInstanceWithCaller(Constructor.java:499)
at java.base/java.lang.reflect.Constructor.newInstance(Constructor.java:480)
at org.openqa.selenium.remote.ErrorCodec.decode(ErrorCodec.java:167)
at org.openqa.selenium.remote.codec.w3c.W3CHttpResponseCodec.decode(W3CHttpResponseCodec.java:138)
at org.openqa.selenium.remote.codec.w3c.W3CHttpResponseCodec.decode(W3CHttpResponseCodec.java:50)
at org.openqa.selenium.remote.HttpCommandExecutor.execute(HttpCommandExecutor.java:190)
at org.openqa.selenium.remote.service.DriverCommandExecutor.invokeExecute(DriverCommandExecutor.java:216)
at org.openqa.selenium.remote.service.DriverCommandExecutor.execute(DriverCommandExecutor.java:174)
at org.openqa.selenium.remote.RemoteWebDriver.execute(RemoteWebDriver.java:545)
at org.openqa.selenium.remote.ElementLocation$ElementFinder$2.findElement(ElementLocation.java:165)
at org.openqa.selenium.remote.ElementLocation.findElement(ElementLocation.java:66)
at org.openqa.selenium.remote.RemoteWebDriver.findElement(RemoteWebDriver.java:368)
at org.openqa.selenium.remote.RemoteWebDriver.findElement(RemoteWebDriver.java:362)
at org.openqa.selenium.support.pagefactory.DefaultElementLocator.findElement(DefaultElementLocator.java:68)
at org.openqa.selenium.support.pagefactory.internal.LocatingElementHandler.invoke(LocatingElementHandler.java:38)
at jdk.proxy2/jdk.proxy2.$Proxy15.sendKeys(Unknown Source)
at AutomationPractice.Pages.LoginPage.credentials(LoginPage.java:35)
at AutomationPractice.MainTests.OrdersTest.loginLogoutMsgs(OrdersTest.java:45)
at java.base/jdk.internal.reflect.NativeMethodAccessorImpl.invoke0(Native Method)
at java.base/jdk.internal.reflect.NativeMethodAccessorImpl.invoke(NativeMethodAccessorImpl.java:77)
at java.base/jdk.internal.reflect.DelegatingMethodAccessorImpl.invoke(DelegatingMethodAccessorImpl.java:43)
at java.base/java.lang.reflect.Method.invoke(Method.java:568)
at org.testng.internal.invokers.MethodInvocationHelper.invokeMethod(MethodInvocationHelper.java:141)
at org.testng.internal.invokers.TestInvoker.invokeMethod(TestInvoker.java:686)
at org.testng.internal.invokers.TestInvoker.invokeTestMethod(TestInvoker.java:230)
at org.testng.internal.invokers.MethodRunner.runInSequence(MethodRunner.java:63)
at org.testng.internal.invokers.TestInvoker$MethodInvocationAgent.invoke(TestInvoker.java:992)
at org.testng.internal.invokers.TestInvoker.invokeTestMethods(TestInvoker.java:203)
at org.testng.internal.invokers.TestMethodWorker.invokeTestMethods(TestMethodWorker.java:154)
at org.testng.internal.invokers.TestMethodWorker.run(TestMethodWorker.java:134)
at java.base/java.util.ArrayList.forEach(ArrayList.java:1511)
at org.testng.TestRunner.privateRun(TestRunner.java:739)
at org.testng.TestRunner.run(TestRunner.java:614)
at org.testng.SuiteRunner.runTest(SuiteRunner.java:421)
at org.testng.SuiteRunner.runSequentially(SuiteRunner.java:413)
at org.testng.SuiteRunner.privateRun(SuiteRunner.java:373)
at org.testng.SuiteRunner.run(SuiteRunner.java:312)
at org.testng.SuiteRunnerWorker.runSuite(SuiteRunnerWorker.java:52)
at org.testng.SuiteRunnerWorker.run(SuiteRunnerWorker.java:95)
at org.testng.TestNG.runSuitesSequentially(TestNG.java:1274)
at org.testng.TestNG.runSuitesLocally(TestNG.java:1208)
at org.testng.TestNG.runSuites(TestNG.java:1112)
at org.testng.TestNG.run(TestNG.java:1079)
at org.testng.remote.AbstractRemoteTestNG.run(AbstractRemoteTestNG.java:115)
at org.testng.remote.RemoteTestNG.initAndRun(RemoteTestNG.java:293)
at org.testng.remote.RemoteTestNG.main(RemoteTestNG.java:91)
]]>
            </full-stacktrace>
          </exception> <!-- org.openqa.selenium.NoSuchWindowException -->
          <reporter-output>
          </reporter-output>
        </test-method> <!-- loginLogoutMsgs -->
        <test-method is-config="true" signature="closeBrowser()[pri:0, instance:AutomationPractice.MainTests.OrdersTest@f5958c9]" started-at="2025-01-05T10:49:21 IST" name="closeBrowser" finished-at="2025-01-05T10:49:22 IST" duration-ms="165" status="PASS">
          <reporter-output>
          </reporter-output>
        </test-method> <!-- closeBrowser -->
      </class> <!-- AutomationPractice.MainTests.OrdersTest -->
    </test> <!-- Default test -->
  </suite> <!-- Default suite -->
</testng-results>
