<?xml version="1.0" encoding="UTF-8"?>
<!-- Generated by org.testng.reporters.JUnitXMLReporter -->
<testsuite ignored="0" hostname="THarunREddy" failures="1" tests="2" name="OrdersTest" time="23.968" errors="0" timestamp="2024-12-31T12:54:17 IST">
  <testcase classname="AutomationPractice.MainTests.OrdersTest" name="SubmitOrder" time="9.597"/>
  <testcase classname="AutomationPractice.MainTests.OrdersTest" name="loginLogoutMsgs" time="5.409">
    <failure type="java.lang.AssertionError" message="expected [true] but found [false]">
      <![CDATA[java.lang.AssertionError: expected [true] but found [false]
at AutomationPractice.MainTests.OrdersTest.loginLogoutMsgs(OrdersTest.java:44)
at java.base/java.util.ArrayList.forEach(ArrayList.java:1511)
at java.base/java.util.concurrent.FutureTask.run(FutureTask.java:264)
at java.base/java.util.concurrent.ThreadPoolExecutor.runWorker(ThreadPoolExecutor.java:1136)
at java.base/java.util.concurrent.ThreadPoolExecutor$Worker.run(ThreadPoolExecutor.java:635)
at java.base/java.lang.Thread.run(Thread.java:833)
... Removed 21 stack frames]]>
    </failure>
  </testcase> <!-- loginLogoutMsgs -->
</testsuite> <!-- OrdersTest -->
